2017-06-30 20:08:54 [INFO ] [] XPayClient initialize [/home/onedaynet/solution/grptimev500/pg/pc/lgpay/lgdacom] [service]
2017-06-30 20:08:54 [DEBUG] [] Config [server_id] = [01]
2017-06-30 20:08:54 [DEBUG] [] Config [timeout] = [60]
2017-06-30 20:08:54 [DEBUG] [] Config [log_level] = [4]
2017-06-30 20:08:54 [DEBUG] [] Config [verify_cert] = [1]
2017-06-30 20:08:54 [DEBUG] [] Config [verify_host] = [1]
2017-06-30 20:08:54 [DEBUG] [] Config [report_error] = [1]
2017-06-30 20:08:54 [DEBUG] [] Config [output_UTF8] = [1]
2017-06-30 20:08:54 [DEBUG] [] Config [auto_rollback] = [1]
2017-06-30 20:08:54 [DEBUG] [] Config [log_dir] = [/home/onedaynet/solution/grptimev500/pg/pc/lgpay/lgdacom/log]
2017-06-30 20:08:54 [DEBUG] [] Config [tlgdacomxpay] = [95160cce09854ef44d2edb2bfb05f9f3]
2017-06-30 20:08:54 [DEBUG] [] Config [lgdacomxpay] = [95160cce09854ef44d2edb2bfb05f9f3]
2017-06-30 20:08:54 [DEBUG] [] Config [url] = [https://xpayclient.lgdacom.net/xpay/Gateway.do]
2017-06-30 20:08:54 [DEBUG] [] Config [test_url] = [https://xpayclient.lgdacom.net:7443/xpay/Gateway.do]
2017-06-30 20:08:54 [DEBUG] [] Config [aux_url] = [http://xpayclient.lgdacom.net:7080/xpay/Gateway.do]
2017-06-30 20:08:54 [DEBUG] [lgdacomxpay-0120170630200854f3c4c332c10604163dc0375cdbef3aa21226be8b] Post [LGD_TXID] = [lgdacomxpay-0120170630200854f3c4c332c10604163dc0375cdbef3aa21226be8b]
2017-06-30 20:08:54 [DEBUG] [lgdacomxpay-0120170630200854f3c4c332c10604163dc0375cdbef3aa21226be8b] Post [LGD_AUTHCODE] = [87e6066e59cfb7ef01fe949bfa8170a3b8313c29]
2017-06-30 20:08:54 [DEBUG] [lgdacomxpay-0120170630200854f3c4c332c10604163dc0375cdbef3aa21226be8b] Post [LGD_MID] = [lgdacomxpay]
2017-06-30 20:08:54 [DEBUG] [lgdacomxpay-0120170630200854f3c4c332c10604163dc0375cdbef3aa21226be8b] Post [LGD_TXNAME] = [Ping]
2017-06-30 20:08:54 [DEBUG] [lgdacomxpay-0120170630200854f3c4c332c10604163dc0375cdbef3aa21226be8b] Post [LGD_RESULTCNT] = [3]
2017-06-30 20:08:54 [DEBUG] [lgdacomxpay-0120170630200854f3c4c332c10604163dc0375cdbef3aa21226be8b] post_string = LGD_TXID=lgdacomxpay-0120170630200854f3c4c332c10604163dc0375cdbef3aa21226be8b&LGD_AUTHCODE=87e6066e59cfb7ef01fe949bfa8170a3b8313c29&LGD_MID=lgdacomxpay&LGD_TXNAME=Ping&LGD_RESULTCNT=3
2017-06-30 20:09:21 [INFO ] [] XPayClient initialize [/home/onedaynet/solution/grptimev500/pg/pc/lgpay/lgdacom] [service]
2017-06-30 20:09:21 [DEBUG] [] Config [server_id] = [01]
2017-06-30 20:09:21 [DEBUG] [] Config [timeout] = [60]
2017-06-30 20:09:21 [DEBUG] [] Config [log_level] = [4]
2017-06-30 20:09:21 [DEBUG] [] Config [verify_cert] = [1]
2017-06-30 20:09:21 [DEBUG] [] Config [verify_host] = [1]
2017-06-30 20:09:21 [DEBUG] [] Config [report_error] = [1]
2017-06-30 20:09:21 [DEBUG] [] Config [output_UTF8] = [1]
2017-06-30 20:09:21 [DEBUG] [] Config [auto_rollback] = [1]
2017-06-30 20:09:21 [DEBUG] [] Config [log_dir] = [/home/onedaynet/solution/grptimev500/pg/pc/lgpay/lgdacom/log]
2017-06-30 20:09:21 [DEBUG] [] Config [tlgdacomxpay] = [95160cce09854ef44d2edb2bfb05f9f3]
2017-06-30 20:09:21 [DEBUG] [] Config [lgdacomxpay] = [95160cce09854ef44d2edb2bfb05f9f3]
2017-06-30 20:09:21 [DEBUG] [] Config [url] = [https://xpayclient.lgdacom.net/xpay/Gateway.do]
2017-06-30 20:09:21 [DEBUG] [] Config [test_url] = [https://xpayclient.lgdacom.net:7443/xpay/Gateway.do]
2017-06-30 20:09:21 [DEBUG] [] Config [aux_url] = [http://xpayclient.lgdacom.net:7080/xpay/Gateway.do]
2017-06-30 20:09:37 [INFO ] [] XPayClient initialize [/home/onedaynet/solution/grptimev500/pg/pc/lgpay/lgdacom] [service]
2017-06-30 20:09:37 [DEBUG] [] Config [server_id] = [01]
2017-06-30 20:09:37 [DEBUG] [] Config [timeout] = [60]
2017-06-30 20:09:37 [DEBUG] [] Config [log_level] = [4]
2017-06-30 20:09:37 [DEBUG] [] Config [verify_cert] = [1]
2017-06-30 20:09:37 [DEBUG] [] Config [verify_host] = [1]
2017-06-30 20:09:37 [DEBUG] [] Config [report_error] = [1]
2017-06-30 20:09:37 [DEBUG] [] Config [output_UTF8] = [1]
2017-06-30 20:09:37 [DEBUG] [] Config [auto_rollback] = [1]
2017-06-30 20:09:37 [DEBUG] [] Config [log_dir] = [/home/onedaynet/solution/grptimev500/pg/pc/lgpay/lgdacom/log]
2017-06-30 20:09:37 [DEBUG] [] Config [tlgdacomxpay] = [95160cce09854ef44d2edb2bfb05f9f3]
2017-06-30 20:09:37 [DEBUG] [] Config [lgdacomxpay] = [95160cce09854ef44d2edb2bfb05f9f3]
2017-06-30 20:09:37 [DEBUG] [] Config [url] = [https://xpayclient.lgdacom.net/xpay/Gateway.do]
2017-06-30 20:09:37 [DEBUG] [] Config [test_url] = [https://xpayclient.lgdacom.net:7443/xpay/Gateway.do]
2017-06-30 20:09:37 [DEBUG] [] Config [aux_url] = [http://xpayclient.lgdacom.net:7080/xpay/Gateway.do]
2017-06-30 20:09:37 [DEBUG] [lgdacomxpay-01201706302009376d7e8861c4de8d6b86b71a9e2b57146a78716cbc] Post [LGD_TXID] = [lgdacomxpay-01201706302009376d7e8861c4de8d6b86b71a9e2b57146a78716cbc]
2017-06-30 20:09:37 [DEBUG] [lgdacomxpay-01201706302009376d7e8861c4de8d6b86b71a9e2b57146a78716cbc] Post [LGD_AUTHCODE] = [979ba9705c03d1454142ce56680e05034beec251]
2017-06-30 20:09:37 [DEBUG] [lgdacomxpay-01201706302009376d7e8861c4de8d6b86b71a9e2b57146a78716cbc] Post [LGD_MID] = [lgdacomxpay]
2017-06-30 20:09:37 [DEBUG] [lgdacomxpay-01201706302009376d7e8861c4de8d6b86b71a9e2b57146a78716cbc] Post [LGD_TXNAME] = [Ping]
2017-06-30 20:09:37 [DEBUG] [lgdacomxpay-01201706302009376d7e8861c4de8d6b86b71a9e2b57146a78716cbc] Post [LGD_RESULTCNT] = [3]
2017-06-30 20:09:37 [DEBUG] [lgdacomxpay-01201706302009376d7e8861c4de8d6b86b71a9e2b57146a78716cbc] post_string = LGD_TXID=lgdacomxpay-01201706302009376d7e8861c4de8d6b86b71a9e2b57146a78716cbc&LGD_AUTHCODE=979ba9705c03d1454142ce56680e05034beec251&LGD_MID=lgdacomxpay&LGD_TXNAME=Ping&LGD_RESULTCNT=3
