2016-12-14 17:01:16 [INFO ] [] XPayClient initialize [/home/onedaynet/solution/grptimev500/public_html/../pg/m/lgpay/lgdacom] []
2016-12-14 17:01:16 [DEBUG] [] Config [server_id] = [01]
2016-12-14 17:01:16 [DEBUG] [] Config [timeout] = [60]
2016-12-14 17:01:16 [DEBUG] [] Config [log_level] = [4]
2016-12-14 17:01:16 [DEBUG] [] Config [verify_cert] = [1]
2016-12-14 17:01:16 [DEBUG] [] Config [verify_host] = [1]
2016-12-14 17:01:16 [DEBUG] [] Config [report_error] = [1]
2016-12-14 17:01:16 [DEBUG] [] Config [output_UTF8] = [1]
2016-12-14 17:01:16 [DEBUG] [] Config [auto_rollback] = [1]
2016-12-14 17:01:16 [DEBUG] [] Config [log_dir] = [/home/onedaynet/solution/grptimev500/pg/m/lgpay/lgdacom/log]
2016-12-14 17:01:16 [DEBUG] [] Config [tlgdacomxpay] = [95160cce09854ef44d2edb2bfb05f9f3]
2016-12-14 17:01:16 [DEBUG] [] Config [lgdacomxpay] = [95160cce09854ef44d2edb2bfb05f9f3]
2016-12-14 17:01:16 [DEBUG] [] Config [url] = [https://xpayclient.lgdacom.net/xpay/Gateway.do]
2016-12-14 17:01:16 [DEBUG] [] Config [test_url] = [https://xpayclient.lgdacom.net:7443/xpay/Gateway.do]
2016-12-14 17:01:16 [DEBUG] [] Config [aux_url] = [http://xpayclient.lgdacom.net:7080/xpay/Gateway.do]
2016-12-14 17:01:26 [INFO ] [] XPayClient initialize [/home/onedaynet/solution/grptimev500/public_html/../pg/m/lgpay/lgdacom] []
2016-12-14 17:01:26 [DEBUG] [] Config [server_id] = [01]
2016-12-14 17:01:26 [DEBUG] [] Config [timeout] = [60]
2016-12-14 17:01:26 [DEBUG] [] Config [log_level] = [4]
2016-12-14 17:01:26 [DEBUG] [] Config [verify_cert] = [1]
2016-12-14 17:01:26 [DEBUG] [] Config [verify_host] = [1]
2016-12-14 17:01:26 [DEBUG] [] Config [report_error] = [1]
2016-12-14 17:01:26 [DEBUG] [] Config [output_UTF8] = [1]
2016-12-14 17:01:26 [DEBUG] [] Config [auto_rollback] = [1]
2016-12-14 17:01:26 [DEBUG] [] Config [log_dir] = [/home/onedaynet/solution/grptimev500/pg/m/lgpay/lgdacom/log]
2016-12-14 17:01:26 [DEBUG] [] Config [tlgdacomxpay] = [95160cce09854ef44d2edb2bfb05f9f3]
2016-12-14 17:01:26 [DEBUG] [] Config [lgdacomxpay] = [95160cce09854ef44d2edb2bfb05f9f3]
2016-12-14 17:01:26 [DEBUG] [] Config [url] = [https://xpayclient.lgdacom.net/xpay/Gateway.do]
2016-12-14 17:01:26 [DEBUG] [] Config [test_url] = [https://xpayclient.lgdacom.net:7443/xpay/Gateway.do]
2016-12-14 17:01:26 [DEBUG] [] Config [aux_url] = [http://xpayclient.lgdacom.net:7080/xpay/Gateway.do]
2016-12-14 17:03:36 [INFO ] [] XPayClient initialize [/home/onedaynet/solution/grptimev500/public_html/../pg/m/lgpay/lgdacom] []
2016-12-14 17:03:36 [DEBUG] [] Config [server_id] = [01]
2016-12-14 17:03:36 [DEBUG] [] Config [timeout] = [60]
2016-12-14 17:03:36 [DEBUG] [] Config [log_level] = [4]
2016-12-14 17:03:36 [DEBUG] [] Config [verify_cert] = [1]
2016-12-14 17:03:36 [DEBUG] [] Config [verify_host] = [1]
2016-12-14 17:03:36 [DEBUG] [] Config [report_error] = [1]
2016-12-14 17:03:36 [DEBUG] [] Config [output_UTF8] = [1]
2016-12-14 17:03:36 [DEBUG] [] Config [auto_rollback] = [1]
2016-12-14 17:03:36 [DEBUG] [] Config [log_dir] = [/home/onedaynet/solution/grptimev500/pg/m/lgpay/lgdacom/log]
2016-12-14 17:03:36 [DEBUG] [] Config [tlgdacomxpay] = [95160cce09854ef44d2edb2bfb05f9f3]
2016-12-14 17:03:36 [DEBUG] [] Config [lgdacomxpay] = [95160cce09854ef44d2edb2bfb05f9f3]
2016-12-14 17:03:36 [DEBUG] [] Config [url] = [https://xpayclient.lgdacom.net/xpay/Gateway.do]
2016-12-14 17:03:36 [DEBUG] [] Config [test_url] = [https://xpayclient.lgdacom.net:7443/xpay/Gateway.do]
2016-12-14 17:03:36 [DEBUG] [] Config [aux_url] = [http://xpayclient.lgdacom.net:7080/xpay/Gateway.do]
2016-12-14 17:26:29 [INFO ] [] XPayClient initialize [/home/onedaynet/solution/grptimev500/public_html/../pg/m/lgpay/lgdacom] []
2016-12-14 17:26:29 [DEBUG] [] Config [server_id] = [01]
2016-12-14 17:26:29 [DEBUG] [] Config [timeout] = [60]
2016-12-14 17:26:29 [DEBUG] [] Config [log_level] = [4]
2016-12-14 17:26:29 [DEBUG] [] Config [verify_cert] = [1]
2016-12-14 17:26:29 [DEBUG] [] Config [verify_host] = [1]
2016-12-14 17:26:29 [DEBUG] [] Config [report_error] = [1]
2016-12-14 17:26:29 [DEBUG] [] Config [output_UTF8] = [1]
2016-12-14 17:26:29 [DEBUG] [] Config [auto_rollback] = [1]
2016-12-14 17:26:29 [DEBUG] [] Config [log_dir] = [/home/onedaynet/solution/grptimev500/pg/m/lgpay/lgdacom/log]
2016-12-14 17:26:29 [DEBUG] [] Config [tlgdacomxpay] = [95160cce09854ef44d2edb2bfb05f9f3]
2016-12-14 17:26:29 [DEBUG] [] Config [lgdacomxpay] = [95160cce09854ef44d2edb2bfb05f9f3]
2016-12-14 17:26:29 [DEBUG] [] Config [url] = [https://xpayclient.lgdacom.net/xpay/Gateway.do]
2016-12-14 17:26:29 [DEBUG] [] Config [test_url] = [https://xpayclient.lgdacom.net:7443/xpay/Gateway.do]
2016-12-14 17:26:29 [DEBUG] [] Config [aux_url] = [http://xpayclient.lgdacom.net:7080/xpay/Gateway.do]
2016-12-14 17:27:16 [INFO ] [] XPayClient initialize [/home/onedaynet/solution/grptimev500/public_html/../pg/m/lgpay/lgdacom] []
2016-12-14 17:27:16 [DEBUG] [] Config [server_id] = [01]
2016-12-14 17:27:16 [DEBUG] [] Config [timeout] = [60]
2016-12-14 17:27:16 [DEBUG] [] Config [log_level] = [4]
2016-12-14 17:27:16 [DEBUG] [] Config [verify_cert] = [1]
2016-12-14 17:27:16 [DEBUG] [] Config [verify_host] = [1]
2016-12-14 17:27:16 [DEBUG] [] Config [report_error] = [1]
2016-12-14 17:27:16 [DEBUG] [] Config [output_UTF8] = [1]
2016-12-14 17:27:16 [DEBUG] [] Config [auto_rollback] = [1]
2016-12-14 17:27:16 [DEBUG] [] Config [log_dir] = [/home/onedaynet/solution/grptimev500/pg/m/lgpay/lgdacom/log]
2016-12-14 17:27:16 [DEBUG] [] Config [tlgdacomxpay] = [95160cce09854ef44d2edb2bfb05f9f3]
2016-12-14 17:27:16 [DEBUG] [] Config [lgdacomxpay] = [95160cce09854ef44d2edb2bfb05f9f3]
2016-12-14 17:27:16 [DEBUG] [] Config [url] = [https://xpayclient.lgdacom.net/xpay/Gateway.do]
2016-12-14 17:27:16 [DEBUG] [] Config [test_url] = [https://xpayclient.lgdacom.net:7443/xpay/Gateway.do]
2016-12-14 17:27:16 [DEBUG] [] Config [aux_url] = [http://xpayclient.lgdacom.net:7080/xpay/Gateway.do]
2016-12-14 17:39:55 [INFO ] [] XPayClient initialize [/home/onedaynet/solution/grptimev500/public_html/../pg/m/lgpay/lgdacom] []
2016-12-14 17:39:55 [DEBUG] [] Config [server_id] = [01]
2016-12-14 17:39:55 [DEBUG] [] Config [timeout] = [60]
2016-12-14 17:39:55 [DEBUG] [] Config [log_level] = [4]
2016-12-14 17:39:55 [DEBUG] [] Config [verify_cert] = [1]
2016-12-14 17:39:55 [DEBUG] [] Config [verify_host] = [1]
2016-12-14 17:39:55 [DEBUG] [] Config [report_error] = [1]
2016-12-14 17:39:55 [DEBUG] [] Config [output_UTF8] = [1]
2016-12-14 17:39:55 [DEBUG] [] Config [auto_rollback] = [1]
2016-12-14 17:39:55 [DEBUG] [] Config [log_dir] = [/home/onedaynet/solution/grptimev500/pg/m/lgpay/lgdacom/log]
2016-12-14 17:39:55 [DEBUG] [] Config [tlgdacomxpay] = [95160cce09854ef44d2edb2bfb05f9f3]
2016-12-14 17:39:55 [DEBUG] [] Config [lgdacomxpay] = [95160cce09854ef44d2edb2bfb05f9f3]
2016-12-14 17:39:55 [DEBUG] [] Config [url] = [https://xpayclient.lgdacom.net/xpay/Gateway.do]
2016-12-14 17:39:55 [DEBUG] [] Config [test_url] = [https://xpayclient.lgdacom.net:7443/xpay/Gateway.do]
2016-12-14 17:39:55 [DEBUG] [] Config [aux_url] = [http://xpayclient.lgdacom.net:7080/xpay/Gateway.do]
2016-12-14 17:45:19 [INFO ] [] XPayClient initialize [/home/onedaynet/solution/grptimev500/public_html/../pg/m/lgpay/lgdacom] []
2016-12-14 17:45:19 [DEBUG] [] Config [server_id] = [01]
2016-12-14 17:45:19 [DEBUG] [] Config [timeout] = [60]
2016-12-14 17:45:19 [DEBUG] [] Config [log_level] = [4]
2016-12-14 17:45:19 [DEBUG] [] Config [verify_cert] = [1]
2016-12-14 17:45:19 [DEBUG] [] Config [verify_host] = [1]
2016-12-14 17:45:19 [DEBUG] [] Config [report_error] = [1]
2016-12-14 17:45:19 [DEBUG] [] Config [output_UTF8] = [1]
2016-12-14 17:45:19 [DEBUG] [] Config [auto_rollback] = [1]
2016-12-14 17:45:19 [DEBUG] [] Config [log_dir] = [/home/onedaynet/solution/grptimev500/pg/m/lgpay/lgdacom/log]
2016-12-14 17:45:19 [DEBUG] [] Config [tlgdacomxpay] = [95160cce09854ef44d2edb2bfb05f9f3]
2016-12-14 17:45:19 [DEBUG] [] Config [lgdacomxpay] = [95160cce09854ef44d2edb2bfb05f9f3]
2016-12-14 17:45:19 [DEBUG] [] Config [url] = [https://xpayclient.lgdacom.net/xpay/Gateway.do]
2016-12-14 17:45:19 [DEBUG] [] Config [test_url] = [https://xpayclient.lgdacom.net:7443/xpay/Gateway.do]
2016-12-14 17:45:19 [DEBUG] [] Config [aux_url] = [http://xpayclient.lgdacom.net:7080/xpay/Gateway.do]
2016-12-14 17:48:07 [INFO ] [] XPayClient initialize [/home/onedaynet/solution/grptimev500/public_html/../pg/m/lgpay/lgdacom] []
2016-12-14 17:48:07 [DEBUG] [] Config [server_id] = [01]
2016-12-14 17:48:07 [DEBUG] [] Config [timeout] = [60]
2016-12-14 17:48:07 [DEBUG] [] Config [log_level] = [4]
2016-12-14 17:48:07 [DEBUG] [] Config [verify_cert] = [1]
2016-12-14 17:48:07 [DEBUG] [] Config [verify_host] = [1]
2016-12-14 17:48:07 [DEBUG] [] Config [report_error] = [1]
2016-12-14 17:48:07 [DEBUG] [] Config [output_UTF8] = [1]
2016-12-14 17:48:07 [DEBUG] [] Config [auto_rollback] = [1]
2016-12-14 17:48:07 [DEBUG] [] Config [log_dir] = [/home/onedaynet/solution/grptimev500/pg/m/lgpay/lgdacom/log]
2016-12-14 17:48:07 [DEBUG] [] Config [tlgdacomxpay] = [95160cce09854ef44d2edb2bfb05f9f3]
2016-12-14 17:48:07 [DEBUG] [] Config [lgdacomxpay] = [95160cce09854ef44d2edb2bfb05f9f3]
2016-12-14 17:48:07 [DEBUG] [] Config [url] = [https://xpayclient.lgdacom.net/xpay/Gateway.do]
2016-12-14 17:48:07 [DEBUG] [] Config [test_url] = [https://xpayclient.lgdacom.net:7443/xpay/Gateway.do]
2016-12-14 17:48:07 [DEBUG] [] Config [aux_url] = [http://xpayclient.lgdacom.net:7080/xpay/Gateway.do]
2016-12-14 17:51:01 [INFO ] [] XPayClient initialize [/home/onedaynet/solution/grptimev500/public_html/../pg/m/lgpay/lgdacom] []
2016-12-14 17:51:01 [DEBUG] [] Config [server_id] = [01]
2016-12-14 17:51:01 [DEBUG] [] Config [timeout] = [60]
2016-12-14 17:51:01 [DEBUG] [] Config [log_level] = [4]
2016-12-14 17:51:01 [DEBUG] [] Config [verify_cert] = [1]
2016-12-14 17:51:01 [DEBUG] [] Config [verify_host] = [1]
2016-12-14 17:51:01 [DEBUG] [] Config [report_error] = [1]
2016-12-14 17:51:01 [DEBUG] [] Config [output_UTF8] = [1]
2016-12-14 17:51:01 [DEBUG] [] Config [auto_rollback] = [1]
2016-12-14 17:51:01 [DEBUG] [] Config [log_dir] = [/home/onedaynet/solution/grptimev500/pg/m/lgpay/lgdacom/log]
2016-12-14 17:51:01 [DEBUG] [] Config [tlgdacomxpay] = [95160cce09854ef44d2edb2bfb05f9f3]
2016-12-14 17:51:01 [DEBUG] [] Config [lgdacomxpay] = [95160cce09854ef44d2edb2bfb05f9f3]
2016-12-14 17:51:01 [DEBUG] [] Config [url] = [https://xpayclient.lgdacom.net/xpay/Gateway.do]
2016-12-14 17:51:01 [DEBUG] [] Config [test_url] = [https://xpayclient.lgdacom.net:7443/xpay/Gateway.do]
2016-12-14 17:51:01 [DEBUG] [] Config [aux_url] = [http://xpayclient.lgdacom.net:7080/xpay/Gateway.do]
2016-12-14 17:52:45 [INFO ] [] XPayClient initialize [/home/onedaynet/solution/grptimev500/public_html/../pg/m/lgpay/lgdacom] []
2016-12-14 17:52:45 [DEBUG] [] Config [server_id] = [01]
2016-12-14 17:52:45 [DEBUG] [] Config [timeout] = [60]
2016-12-14 17:52:45 [DEBUG] [] Config [log_level] = [4]
2016-12-14 17:52:45 [DEBUG] [] Config [verify_cert] = [1]
2016-12-14 17:52:45 [DEBUG] [] Config [verify_host] = [1]
2016-12-14 17:52:45 [DEBUG] [] Config [report_error] = [1]
2016-12-14 17:52:45 [DEBUG] [] Config [output_UTF8] = [1]
2016-12-14 17:52:45 [DEBUG] [] Config [auto_rollback] = [1]
2016-12-14 17:52:45 [DEBUG] [] Config [log_dir] = [/home/onedaynet/solution/grptimev500/pg/m/lgpay/lgdacom/log]
2016-12-14 17:52:45 [DEBUG] [] Config [tlgdacomxpay] = [95160cce09854ef44d2edb2bfb05f9f3]
2016-12-14 17:52:45 [DEBUG] [] Config [lgdacomxpay] = [95160cce09854ef44d2edb2bfb05f9f3]
2016-12-14 17:52:45 [DEBUG] [] Config [url] = [https://xpayclient.lgdacom.net/xpay/Gateway.do]
2016-12-14 17:52:45 [DEBUG] [] Config [test_url] = [https://xpayclient.lgdacom.net:7443/xpay/Gateway.do]
2016-12-14 17:52:45 [DEBUG] [] Config [aux_url] = [http://xpayclient.lgdacom.net:7080/xpay/Gateway.do]
2016-12-14 17:52:45 [FATAL] [] Key for MID [] does not exist in mall.conf
2016-12-14 17:52:45 [DEBUG] [] Post [LGD_TXNAME] = [PaymentByKey]
2016-12-14 17:52:45 [DEBUG] [] Post [LGD_PAYKEY] = [201612141752432AC7736DE384BA6C7A1D94DC309BF49F40D23AAA]
2016-12-14 17:52:45 [DEBUG] [] post_string = LGD_TXNAME=PaymentByKey&LGD_PAYKEY=201612141752432AC7736DE384BA6C7A1D94DC309BF49F40D23AAA
2016-12-14 17:52:46 [DEBUG] [] Result = [









{"LGD_RESPCODE":"XC01","LGD_RESPMSG":"LGD_MID ÌïÑÎìúÍ∞Ä ÎàÑÎùΩÎêòÏóàÏäµÎãàÎã§. Init_TX(LGD_MID)Î•º Ìï¥Ï£ºÏãúÍ∏∞ Î∞îÎûçÎãàÎã§. ÎòêÎäî mall.conf Ïóê ÏÉÅÏ†êÌÇ§Í∞Ä ÏÖãÌåÖÎêòÏñ¥ ÏûàÏßÄ ÏïäÏäµÎãàÎã§.","LGD_RESPONSE":[{"LGD_RESPCODE":"XC01","LGD_RESPMSG":"LGD_MID ÌïÑÎìúÍ∞Ä ÎàÑÎùΩÎêòÏóàÏäµÎãàÎã§. Init_TX(LGD_MID)Î•º Ìï¥Ï£ºÏãúÍ∏∞ Î∞îÎûçÎãàÎã§. ÎòêÎäî mall.conf Ïóê ÏÉÅÏ†êÌÇ§Í∞Ä ÏÖãÌåÖÎêòÏñ¥ ÏûàÏßÄ ÏïäÏäµÎãàÎã§."}]}
]
2016-12-14 17:52:46 [INFO ] [] Response Code=[XC01], Msg=[LGD_MID « µÂ∞° ¥©∂Ùµ«æ˙Ω¿¥œ¥Ÿ. Init_TX(LGD_MID)∏¶ «ÿ¡÷Ω√±‚ πŸ∂¯¥œ¥Ÿ. ∂«¥¬ mall.conf ø° ªÛ¡°≈∞∞° º¬∆√µ«æÓ ¿÷¡ˆ æ Ω¿¥œ¥Ÿ.], Count=1
2016-12-14 17:52:46 [DEBUG] [] Response (LGD_RESPCODE, 0) = XC01
2016-12-14 17:52:46 [DEBUG] [] Response (LGD_RESPMSG, 0) = LGD_MID ÌïÑÎìúÍ∞Ä ÎàÑÎùΩÎêòÏóàÏäµÎãàÎã§. Init_TX(LGD_MID)Î•º Ìï¥Ï£ºÏãúÍ∏∞ Î∞îÎûçÎãàÎã§. ÎòêÎäî mall.conf Ïóê ÏÉÅÏ†êÌÇ§Í∞Ä ÏÖãÌåÖÎêòÏñ¥ ÏûàÏßÄ ÏïäÏäµÎãàÎã§.
2016-12-14 17:52:48 [INFO ] [] XPayClient initialize [/home/onedaynet/solution/grptimev500/public_html/../pg/m/lgpay/lgdacom] []
2016-12-14 17:52:48 [DEBUG] [] Config [server_id] = [01]
2016-12-14 17:52:48 [DEBUG] [] Config [timeout] = [60]
2016-12-14 17:52:48 [DEBUG] [] Config [log_level] = [4]
2016-12-14 17:52:48 [DEBUG] [] Config [verify_cert] = [1]
2016-12-14 17:52:48 [DEBUG] [] Config [verify_host] = [1]
2016-12-14 17:52:48 [DEBUG] [] Config [report_error] = [1]
2016-12-14 17:52:48 [DEBUG] [] Config [output_UTF8] = [1]
2016-12-14 17:52:48 [DEBUG] [] Config [auto_rollback] = [1]
2016-12-14 17:52:48 [DEBUG] [] Config [log_dir] = [/home/onedaynet/solution/grptimev500/pg/m/lgpay/lgdacom/log]
2016-12-14 17:52:48 [DEBUG] [] Config [tlgdacomxpay] = [95160cce09854ef44d2edb2bfb05f9f3]
2016-12-14 17:52:48 [DEBUG] [] Config [lgdacomxpay] = [95160cce09854ef44d2edb2bfb05f9f3]
2016-12-14 17:52:48 [DEBUG] [] Config [url] = [https://xpayclient.lgdacom.net/xpay/Gateway.do]
2016-12-14 17:52:48 [DEBUG] [] Config [test_url] = [https://xpayclient.lgdacom.net:7443/xpay/Gateway.do]
2016-12-14 17:52:48 [DEBUG] [] Config [aux_url] = [http://xpayclient.lgdacom.net:7080/xpay/Gateway.do]
