INFO	[2016-02-16 20:09:53:35] <31150> ===============================================================
INFO	[2016-02-16 20:09:53:35] <31150> START AgsPay40 php (OS:Linux2.6.32-358.18.1.el6.x86_64,PHP:5.2.17)
INFO	[2016-02-16 20:09:53:35] <31150>  Pay Start!
INFO	[2016-02-16 20:09:53:35] <31150> AgsPayHome:/home/onedaynet/solution/grptimev500/public_html/../pg/pc/Ags
INFO	[2016-02-16 20:09:53:35] <31150> StoreId:
INFO	[2016-02-16 20:09:53:35] <31150> log:true
INFO	[2016-02-16 20:09:53:35] <31150> logLevel:INFO
INFO	[2016-02-16 20:09:53:35] <31150> UseNetCancel:true
INFO	[2016-02-16 20:09:53:35] <31150> Type:Pay
INFO	[2016-02-16 20:09:53:36] <31150> RecvLen:7
INFO	[2016-02-16 20:09:53:36] <31150> AuthTy:
INFO	[2016-02-16 20:09:53:36] <31150> SubTy:
INFO	[2016-02-16 20:09:53:36] <31150> OrdNo:
INFO	[2016-02-16 20:09:53:36] <31150> Amt:
INFO	[2016-02-16 20:09:53:36] <31150> UserEmail:
INFO	[2016-02-16 20:09:53:36] <31150> ProdNm:
INFO	[2016-02-16 20:09:53:36] <31150> MallUrl:
INFO	[2016-02-16 20:09:53:36] <31150> UserId:
INFO	[2016-02-16 20:09:53:36] <31150> OrdNm:
INFO	[2016-02-16 20:09:53:36] <31150> OrdPhone:
INFO	[2016-02-16 20:09:53:36] <31150> OrdAddr:
INFO	[2016-02-16 20:09:53:36] <31150> RcpNm:
INFO	[2016-02-16 20:09:53:36] <31150> RcpPhone:
INFO	[2016-02-16 20:09:53:36] <31150> DlvAddr:
INFO	[2016-02-16 20:09:53:36] <31150> Remark:
INFO	[2016-02-16 20:09:53:37] <31150> DeviId:
INFO	[2016-02-16 20:09:53:37] <31150> AuthYn:
INFO	[2016-02-16 20:09:53:37] <31150> Instmt:
INFO	[2016-02-16 20:09:53:37] <31150> UserIp:112.219.125.10
INFO	[2016-02-16 20:09:53:37] <31150> partial_mm:
INFO	[2016-02-16 20:09:53:37] <31150> noIntMonth:
INFO	[2016-02-16 20:09:53:37] <31150> KVP_CURRENCY:
INFO	[2016-02-16 20:09:53:37] <31150> KVP_CARDCODE:
INFO	[2016-02-16 20:09:53:37] <31150> KVP_SESSIONKEY:
INFO	[2016-02-16 20:09:53:37] <31150> KVP_ENCDATA:
INFO	[2016-02-16 20:09:53:37] <31150> KVP_CONAME:
INFO	[2016-02-16 20:09:53:37] <31150> KVP_NOINT:
INFO	[2016-02-16 20:09:53:37] <31150> KVP_QUOTA:
INFO	[2016-02-16 20:09:53:37] <31150> CardNo:
INFO	[2016-02-16 20:09:53:37] <31150> MPI_CAVV:
INFO	[2016-02-16 20:09:53:37] <31150> MPI_ECI:
INFO	[2016-02-16 20:09:53:37] <31150> MPI_MD64:
INFO	[2016-02-16 20:09:53:38] <31150> ExpMon:
INFO	[2016-02-16 20:09:53:38] <31150> ExpYear:
INFO	[2016-02-16 20:09:53:38] <31150> Passwd:
INFO	[2016-02-16 20:09:53:38] <31150> SocId:
INFO	[2016-02-16 20:09:53:38] <31150> ICHE_OUTBANKNAME:
INFO	[2016-02-16 20:09:53:38] <31150> ICHE_OUTACCTNO:
INFO	[2016-02-16 20:09:53:38] <31150> ICHE_OUTBANKMASTER:
INFO	[2016-02-16 20:09:53:38] <31150> ICHE_AMOUNT:
INFO	[2016-02-16 20:09:53:38] <31150> HP_SERVERINFO:
INFO	[2016-02-16 20:09:53:38] <31150> HP_HANDPHONE:
INFO	[2016-02-16 20:09:53:38] <31150> HP_COMPANY:
INFO	[2016-02-16 20:09:53:38] <31150> HP_ID:
INFO	[2016-02-16 20:09:53:38] <31150> HP_SUBID:
INFO	[2016-02-16 20:09:53:38] <31150> HP_UNITType:
INFO	[2016-02-16 20:09:53:38] <31150> HP_IDEN:
INFO	[2016-02-16 20:09:53:38] <31150> HP_IPADDR:
INFO	[2016-02-16 20:09:53:39] <31150> ARS_NAME:
INFO	[2016-02-16 20:09:53:39] <31150> ARS_PHONE:
INFO	[2016-02-16 20:09:53:39] <31150> VIRTUAL_CENTERCD:
INFO	[2016-02-16 20:09:53:39] <31150> VIRTUAL_DEPODT:
INFO	[2016-02-16 20:09:53:39] <31150> ZuminCode:
INFO	[2016-02-16 20:09:53:39] <31150> MallPage:
INFO	[2016-02-16 20:09:53:39] <31150> VIRTUAL_NO:
INFO	[2016-02-16 20:09:53:39] <31150> ES_SENDNO:
INFO	[2016-02-16 20:09:53:39] <31150> ICHE_SOCKETYN:
INFO	[2016-02-16 20:09:53:39] <31150> ICHE_POSMTID:
INFO	[2016-02-16 20:09:53:39] <31150> ICHE_FNBCMTID:
INFO	[2016-02-16 20:09:53:39] <31150> ICHE_APTRTS:
INFO	[2016-02-16 20:09:53:39] <31150> ICHE_REMARK1:
INFO	[2016-02-16 20:09:53:39] <31150> ICHE_REMARK2:
INFO	[2016-02-16 20:09:53:39] <31150> ICHE_ECWYN:
INFO	[2016-02-16 20:09:53:39] <31150> ICHE_ECWID:
INFO	[2016-02-16 20:09:53:39] <31150> ICHE_ECWAMT1:
INFO	[2016-02-16 20:09:53:40] <31150> ICHE_ECWAMT2:
INFO	[2016-02-16 20:09:53:40] <31150> ICHE_CASHYN:
INFO	[2016-02-16 20:09:53:40] <31150> ICHE_CASHGUBUN_CD:
INFO	[2016-02-16 20:09:53:40] <31150> ICHE_CASHID_NO:
INFO	[2016-02-16 20:09:53:40] <31150> ICHEARS_SOCKETYN:
INFO	[2016-02-16 20:09:53:40] <31150> ICHEARS_ADMNO:
INFO	[2016-02-16 20:09:53:40] <31150> ICHEARS_POSMTID:
INFO	[2016-02-16 20:09:53:40] <31150> ICHEARS_CENTERCD:
INFO	[2016-02-16 20:09:53:40] <31150> ICHEARS_HPNO:
INFO	[2016-02-16 20:09:53:40] <31150>  Pay Result Value [
INFO	[2016-02-16 20:09:53:40] <31150> rSuccYn:n
INFO	[2016-02-16 20:09:53:40] <31150> rResMsg:상점아이디 입력여부 확인요망 <br>주문번호 입력여부 확인요망 <br>상품명 입력여부 확인요망 <br>금액 입력여부 확인요망 <br>단말기아이디 입력여부 확인요망 <br>인증여부 입력여부 확인요망 <br>
INFO	[2016-02-16 20:09:53:40] <31150> ]
INFO	[2016-02-16 20:09:53:40] <31150> END  상점아이디 입력여부 확인요망 <br>주문번호 입력여부 확인요망 <br>상품명 입력여부 확인요망 <br>금액 입력여부 확인요망 <br>단말기아이디 입력여부 확인요망 <br>인증여부 입력여부 확인요망 <br> Transaction time:[0.006sec]
INFO	[2016-02-16 20:09:53:40] <31150> ===============================================================
